<?xml version="1.0" encoding="UTF-8"?>
<!-- Generated by org.testng.reporters.JUnitReportReporter -->
<testsuite hostname="DESKTOP-KIRAN" failures="0" tests="2" name="org.selenium.testng.TC_Login" time="3.738" errors="0" timestamp="2023-03-06T19:37:59 IST" skipped="0">
  <testcase classname="org.selenium.testng.TC_Login" name="verifyLogout" time="1.651"/>
  <system-out/>
  <testcase classname="org.selenium.testng.TC_Login" name="verifyValidLogin" time="2.087"/>
  <system-out/>
</testsuite> <!-- org.selenium.testng.TC_Login -->
