<?xml version="1.0" encoding="UTF-8"?>
<!-- Generated by org.testng.reporters.JUnitReportReporter -->
<testsuite hostname="DESKTOP-KIRAN" failures="0" tests="2" name="org.selenium.testng.TC_Login" time="3.959" errors="0" timestamp="2023-03-07T19:10:59 IST" skipped="0">
  <testcase classname="org.selenium.testng.TC_Login" name="verifyValidLogin" time="2.098"/>
  <system-out/>
  <testcase classname="org.selenium.testng.TC_Login" name="verifyLogout" time="1.861"/>
  <system-out/>
</testsuite> <!-- org.selenium.testng.TC_Login -->
